Using pre-set license

 COMMAND LINE ARGUMENTS:
/Applications/Unity/Hub/Editor/2020.3.1f1/Unity.app/Contents/MacOS/Unity
-adb2
-batchMode
-noUpm
-name
AssetImportWorker0
-projectPath
/Users/juhyeon/Dev/swu/unity/Bamsongi_2019111682
-logFile
Logs/AssetImportWorker0.log
-srvPort
64951
Successfully changed project path to: /Users/juhyeon/Dev/swu/unity/Bamsongi_2019111682
/Users/juhyeon/Dev/swu/unity/Bamsongi_2019111682
Using Asset Import Pipeline V2.
Refreshing native plugins compatible for Editor in 26.44 ms, found 1 plugins.
Preloading 0 native plugins for Editor in 0.00 ms.
Initialize engine version: 2020.3.1f1 (77a89f25062f)
[Subsystems] Discovering subsystems at path /Applications/Unity/Hub/Editor/2020.3.1f1/Unity.app/Contents/Resources/UnitySubsystems
[Subsystems] Discovering subsystems at path /Users/juhyeon/Dev/swu/unity/Bamsongi_2019111682/Assets
GfxDevice: creating device client; threaded=0
2022-06-08 21:44:45.782 Unity[59863:4026631] (null) preferred device: Apple M1 Pro (high power)
2022-06-08 21:44:45.782 Unity[59863:4026631] Metal devices available: 1
2022-06-08 21:44:45.782 Unity[59863:4026631] 0: Apple M1 Pro (high power)
2022-06-08 21:44:45.782 Unity[59863:4026631] Using device Apple M1 Pro (high power)
Initializing Metal device caps: Apple M1 Pro
Initialize mono
Mono path[0] = '/Applications/Unity/Hub/Editor/2020.3.1f1/Unity.app/Contents/Managed'
Mono path[1] = '/Applications/Unity/Hub/Editor/2020.3.1f1/Unity.app/Contents/MonoBleedingEdge/lib/mono/unityjit'
Mono config path = '/Applications/Unity/Hub/Editor/2020.3.1f1/Unity.app/Contents/MonoBleedingEdge/etc'
Using monoOptions --debugger-agent=transport=dt_socket,embedding=1,server=y,suspend=n,address=127.0.0.1:56863
Begin MonoManager ReloadAssembly
Registering precompiled unity dll's ...
Register platform support module: /Applications/Unity/Hub/Editor/2020.3.1f1/Unity.app/Contents/PlaybackEngines/MacStandaloneSupport/UnityEditor.OSXStandalone.Extensions.dll
Registered in 0.001436 seconds.
Native extension for OSXStandalone target not found
Refreshing native plugins compatible for Editor in 22.80 ms, found 1 plugins.
Preloading 0 native plugins for Editor in 0.00 ms.
Invoked RoslynAnalysisRunner static constructor.
RoslynAnalysisRunner will not be running.
RoslynAnalysisRunner has terminated.
Mono: successfully reloaded assembly
- Completed reload, in  2.354 seconds
Platform modules already initialized, skipping
Registering precompiled user dll's ...
Registered in 0.000784 seconds.
Begin MonoManager ReloadAssembly
Native extension for OSXStandalone target not found
Refreshing native plugins compatible for Editor in 0.22 ms, found 1 plugins.
Preloading 0 native plugins for Editor in 0.00 ms.
Invoked RoslynAnalysisRunner static constructor.
RoslynAnalysisRunner will not be running.
RoslynAnalysisRunner has terminated.
Mono: successfully reloaded assembly
- Completed reload, in  1.650 seconds
Platform modules already initialized, skipping
========================================================================
Worker process is ready to serve import requests
Launching external process: /Applications/Unity/Hub/Editor/2020.3.1f1/Unity.app/Contents/Tools/UnityShaderCompiler
Launched and connected shader compiler UnityShaderCompiler after 0.02 seconds
Refreshing native plugins compatible for Editor in 0.24 ms, found 1 plugins.
Preloading 0 native plugins for Editor in 0.00 ms.
Unloading 1116 Unused Serialized files (Serialized files now loaded: 0)
System memory in use before: 131.2 MB.
System memory in use after: 131.2 MB.

Unloading 10 unused Assets to reduce memory usage. Loaded Objects now: 1581.
Total: 1.744334 ms (FindLiveObjects: 0.154166 ms CreateObjectMapping: 0.024417 ms MarkObjects: 1.458042 ms  DeleteObjects: 0.106500 ms)

========================================================================
Received Import Request.
  path: Assets/BamsongiController.cs
  artifactKey: Guid(e9b9fec89a3144ad18eb584a01f6ca44) Importer(815301076,1909f56bfc062723c751e8b465ee728b)
Start importing Assets/BamsongiController.cs using Guid(e9b9fec89a3144ad18eb584a01f6ca44) Importer(815301076,1909f56bfc062723c751e8b465ee728b)  -> (artifact id: '940d8076c5cf0ce077fc31b07e22a7fb') in 0.080749 seconds
  Import took 0.082218 seconds .

